{"D:\\Damdafayton\\microverse\\module2\\to-do-list\\src\\modules\\addTask.js": {"path":"D:\\Damdafayton\\microverse\\module2\\to-do-list\\src\\modules\\addTask.js","statementMap":{"0":{"start":{"line":5,"column":16},"end":{"line":5,"column":63}},"1":{"start":{"line":6,"column":18},"end":{"line":10,"column":3}},"2":{"start":{"line":11,"column":2},"end":{"line":11,"column":22}},"3":{"start":{"line":12,"column":2},"end":{"line":12,"column":55}},"4":{"start":{"line":15,"column":2},"end":{"line":15,"column":24}},"5":{"start":{"line":16,"column":2},"end":{"line":16,"column":21}}},"fnMap":{"0":{"name":"addTaskHandler","decl":{"start":{"line":3,"column":24},"end":{"line":3,"column":38}},"loc":{"start":{"line":3,"column":48},"end":{"line":17,"column":1}},"line":3}},"branchMap":{"0":{"loc":{"start":{"line":5,"column":16},"end":{"line":5,"column":63}},"type":"binary-expr","locations":[{"start":{"line":5,"column":16},"end":{"line":5,"column":57}},{"start":{"line":5,"column":61},"end":{"line":5,"column":63}}],"line":5}},"s":{"0":2,"1":2,"2":2,"3":2,"4":2,"5":2},"f":{"0":2},"b":{"0":[2,0]},"_coverageSchema":"1a1c01bbd47fc00a2c39e90264f33305004495a9","hash":"eafe15dacf1d1003cb0d59efa9e731787af2a779"}
,"D:\\Damdafayton\\microverse\\module2\\to-do-list\\src\\modules\\editTask.js": {"path":"D:\\Damdafayton\\microverse\\module2\\to-do-list\\src\\modules\\editTask.js","statementMap":{"0":{"start":{"line":1,"column":21},"end":{"line":1,"column":23}},"1":{"start":{"line":4,"column":16},"end":{"line":4,"column":62}},"2":{"start":{"line":5,"column":2},"end":{"line":18,"column":5}},"3":{"start":{"line":6,"column":4},"end":{"line":17,"column":5}},"4":{"start":{"line":7,"column":6},"end":{"line":16,"column":9}},"5":{"start":{"line":9,"column":8},"end":{"line":9,"column":41}},"6":{"start":{"line":10,"column":8},"end":{"line":10,"column":63}},"7":{"start":{"line":11,"column":8},"end":{"line":11,"column":41}},"8":{"start":{"line":12,"column":8},"end":{"line":12,"column":61}},"9":{"start":{"line":15,"column":8},"end":{"line":15,"column":56}},"10":{"start":{"line":22,"column":0},"end":{"line":35,"column":9}},"11":{"start":{"line":26,"column":2},"end":{"line":34,"column":3}},"12":{"start":{"line":29,"column":4},"end":{"line":29,"column":69}},"13":{"start":{"line":31,"column":4},"end":{"line":31,"column":53}},"14":{"start":{"line":32,"column":4},"end":{"line":32,"column":51}},"15":{"start":{"line":33,"column":4},"end":{"line":33,"column":24}},"16":{"start":{"line":38,"column":18},"end":{"line":38,"column":32}},"17":{"start":{"line":42,"column":23},"end":{"line":42,"column":70}},"18":{"start":{"line":43,"column":14},"end":{"line":43,"column":15}},"19":{"start":{"line":44,"column":2},"end":{"line":48,"column":5}},"20":{"start":{"line":45,"column":4},"end":{"line":47,"column":5}},"21":{"start":{"line":46,"column":6},"end":{"line":46,"column":16}},"22":{"start":{"line":51,"column":16},"end":{"line":51,"column":63}},"23":{"start":{"line":52,"column":2},"end":{"line":56,"column":5}},"24":{"start":{"line":53,"column":4},"end":{"line":55,"column":5}},"25":{"start":{"line":54,"column":6},"end":{"line":54,"column":39}},"26":{"start":{"line":57,"column":2},"end":{"line":57,"column":55}},"27":{"start":{"line":60,"column":2},"end":{"line":60,"column":54}},"28":{"start":{"line":64,"column":2},"end":{"line":67,"column":3}},"29":{"start":{"line":65,"column":4},"end":{"line":65,"column":20}},"30":{"start":{"line":66,"column":4},"end":{"line":66,"column":55}}},"fnMap":{"0":{"name":"editTaskListenersForStyle","decl":{"start":{"line":3,"column":16},"end":{"line":3,"column":41}},"loc":{"start":{"line":3,"column":44},"end":{"line":19,"column":1}},"line":3},"1":{"name":"(anonymous_1)","decl":{"start":{"line":5,"column":16},"end":{"line":5,"column":17}},"loc":{"start":{"line":5,"column":25},"end":{"line":18,"column":3}},"line":5},"2":{"name":"(anonymous_2)","decl":{"start":{"line":7,"column":36},"end":{"line":7,"column":37}},"loc":{"start":{"line":7,"column":43},"end":{"line":16,"column":7}},"line":7},"3":{"name":"(anonymous_3)","decl":{"start":{"line":22,"column":35},"end":{"line":22,"column":36}},"loc":{"start":{"line":22,"column":42},"end":{"line":35,"column":1}},"line":22},"4":{"name":"textAreaChangeHandler","decl":{"start":{"line":37,"column":16},"end":{"line":37,"column":37}},"loc":{"start":{"line":37,"column":41},"end":{"line":61,"column":1}},"line":37},"5":{"name":"(anonymous_5)","decl":{"start":{"line":44,"column":23},"end":{"line":44,"column":24}},"loc":{"start":{"line":44,"column":34},"end":{"line":48,"column":3}},"line":44},"6":{"name":"(anonymous_6)","decl":{"start":{"line":52,"column":29},"end":{"line":52,"column":30}},"loc":{"start":{"line":52,"column":41},"end":{"line":56,"column":3}},"line":52},"7":{"name":"textAreaEnterKeyHandler","decl":{"start":{"line":63,"column":16},"end":{"line":63,"column":39}},"loc":{"start":{"line":63,"column":43},"end":{"line":68,"column":1}},"line":63}},"branchMap":{"0":{"loc":{"start":{"line":6,"column":4},"end":{"line":17,"column":5}},"type":"if","locations":[{"start":{"line":6,"column":4},"end":{"line":17,"column":5}},{"start":{},"end":{}}],"line":6},"1":{"loc":{"start":{"line":26,"column":2},"end":{"line":34,"column":3}},"type":"if","locations":[{"start":{"line":26,"column":2},"end":{"line":34,"column":3}},{"start":{},"end":{}}],"line":26},"2":{"loc":{"start":{"line":26,"column":6},"end":{"line":27,"column":41}},"type":"binary-expr","locations":[{"start":{"line":26,"column":6},"end":{"line":26,"column":40}},{"start":{"line":26,"column":44},"end":{"line":26,"column":79}},{"start":{"line":27,"column":7},"end":{"line":27,"column":41}}],"line":26},"3":{"loc":{"start":{"line":45,"column":4},"end":{"line":47,"column":5}},"type":"if","locations":[{"start":{"line":45,"column":4},"end":{"line":47,"column":5}},{"start":{},"end":{}}],"line":45},"4":{"loc":{"start":{"line":51,"column":16},"end":{"line":51,"column":63}},"type":"binary-expr","locations":[{"start":{"line":51,"column":16},"end":{"line":51,"column":57}},{"start":{"line":51,"column":61},"end":{"line":51,"column":63}}],"line":51},"5":{"loc":{"start":{"line":53,"column":4},"end":{"line":55,"column":5}},"type":"if","locations":[{"start":{"line":53,"column":4},"end":{"line":55,"column":5}},{"start":{},"end":{}}],"line":53},"6":{"loc":{"start":{"line":64,"column":2},"end":{"line":67,"column":3}},"type":"if","locations":[{"start":{"line":64,"column":2},"end":{"line":67,"column":3}},{"start":{},"end":{}}],"line":64}},"s":{"0":2,"1":3,"2":3,"3":12,"4":12,"5":1,"6":1,"7":1,"8":1,"9":1,"10":2,"11":2,"12":1,"13":1,"14":1,"15":1,"16":3,"17":3,"18":3,"19":3,"20":12,"21":3,"22":3,"23":3,"24":12,"25":3,"26":3,"27":3,"28":0,"29":0,"30":0},"f":{"0":3,"1":12,"2":1,"3":2,"4":3,"5":12,"6":12,"7":0},"b":{"0":[12,0],"1":[1,1],"2":[2,2,2],"3":[3,9],"4":[3,0],"5":[3,9],"6":[0,0]},"_coverageSchema":"1a1c01bbd47fc00a2c39e90264f33305004495a9","hash":"f7c6bddb2580be08b22649c28045499ab8285e66"}
,"D:\\Damdafayton\\microverse\\module2\\to-do-list\\src\\modules\\populateList.js": {"path":"D:\\Damdafayton\\microverse\\module2\\to-do-list\\src\\modules\\populateList.js","statementMap":{"0":{"start":{"line":8,"column":13},"end":{"line":8,"column":41}},"1":{"start":{"line":9,"column":2},"end":{"line":9,"column":86}},"2":{"start":{"line":11,"column":12},"end":{"line":11,"column":39}},"3":{"start":{"line":12,"column":2},"end":{"line":12,"column":33}},"4":{"start":{"line":13,"column":2},"end":{"line":13,"column":51}},"5":{"start":{"line":15,"column":19},"end":{"line":15,"column":50}},"6":{"start":{"line":16,"column":2},"end":{"line":16,"column":29}},"7":{"start":{"line":17,"column":2},"end":{"line":17,"column":57}},"8":{"start":{"line":18,"column":2},"end":{"line":18,"column":36}},"9":{"start":{"line":19,"column":2},"end":{"line":19,"column":61}},"10":{"start":{"line":20,"column":2},"end":{"line":20,"column":64}},"11":{"start":{"line":22,"column":19},"end":{"line":22,"column":50}},"12":{"start":{"line":23,"column":2},"end":{"line":23,"column":29}},"13":{"start":{"line":24,"column":2},"end":{"line":24,"column":36}},"14":{"start":{"line":25,"column":2},"end":{"line":25,"column":45}},"15":{"start":{"line":27,"column":18},"end":{"line":27,"column":47}},"16":{"start":{"line":28,"column":2},"end":{"line":28,"column":33}},"17":{"start":{"line":29,"column":2},"end":{"line":29,"column":35}},"18":{"start":{"line":31,"column":2},"end":{"line":31,"column":27}},"19":{"start":{"line":32,"column":2},"end":{"line":32,"column":20}},"20":{"start":{"line":33,"column":2},"end":{"line":33,"column":27}},"21":{"start":{"line":34,"column":2},"end":{"line":34,"column":26}},"22":{"start":{"line":36,"column":13},"end":{"line":36,"column":57}},"23":{"start":{"line":38,"column":2},"end":{"line":38,"column":21}},"24":{"start":{"line":41,"column":2},"end":{"line":41,"column":55}},"25":{"start":{"line":42,"column":2},"end":{"line":42,"column":54}},"26":{"start":{"line":42,"column":26},"end":{"line":42,"column":52}}},"fnMap":{"0":{"name":"populateList","decl":{"start":{"line":6,"column":24},"end":{"line":6,"column":36}},"loc":{"start":{"line":6,"column":43},"end":{"line":43,"column":1}},"line":6}},"branchMap":{"0":{"loc":{"start":{"line":42,"column":2},"end":{"line":42,"column":54}},"type":"if","locations":[{"start":{"line":42,"column":2},"end":{"line":42,"column":54}},{"start":{},"end":{}}],"line":42}},"s":{"0":2,"1":2,"2":2,"3":2,"4":2,"5":2,"6":2,"7":2,"8":2,"9":2,"10":2,"11":2,"12":2,"13":2,"14":2,"15":2,"16":2,"17":2,"18":2,"19":2,"20":2,"21":2,"22":2,"23":2,"24":2,"25":2,"26":0},"f":{"0":2},"b":{"0":[0,2]},"_coverageSchema":"1a1c01bbd47fc00a2c39e90264f33305004495a9","hash":"49def6be1003d0a0a39c3d3625fe5e3b8993eeb6"}
,"D:\\Damdafayton\\microverse\\module2\\to-do-list\\src\\modules\\removeTask.js": {"path":"D:\\Damdafayton\\microverse\\module2\\to-do-list\\src\\modules\\removeTask.js","statementMap":{"0":{"start":{"line":3,"column":14},"end":{"line":3,"column":61}},"1":{"start":{"line":4,"column":2},"end":{"line":4,"column":59}},"2":{"start":{"line":4,"column":33},"end":{"line":4,"column":57}},"3":{"start":{"line":6,"column":2},"end":{"line":6,"column":58}},"4":{"start":{"line":6,"column":35},"end":{"line":6,"column":54}},"5":{"start":{"line":7,"column":2},"end":{"line":7,"column":55}},"6":{"start":{"line":10,"column":21},"end":{"line":10,"column":91}},"7":{"start":{"line":11,"column":2},"end":{"line":13,"column":5}},"8":{"start":{"line":12,"column":4},"end":{"line":12,"column":52}},"9":{"start":{"line":12,"column":23},"end":{"line":12,"column":50}}},"fnMap":{"0":{"name":"removeHandler","decl":{"start":{"line":1,"column":24},"end":{"line":1,"column":37}},"loc":{"start":{"line":1,"column":40},"end":{"line":14,"column":1}},"line":1},"1":{"name":"(anonymous_1)","decl":{"start":{"line":4,"column":23},"end":{"line":4,"column":24}},"loc":{"start":{"line":4,"column":33},"end":{"line":4,"column":57}},"line":4},"2":{"name":"(anonymous_2)","decl":{"start":{"line":6,"column":16},"end":{"line":6,"column":17}},"loc":{"start":{"line":6,"column":33},"end":{"line":6,"column":56}},"line":6},"3":{"name":"(anonymous_3)","decl":{"start":{"line":11,"column":21},"end":{"line":11,"column":22}},"loc":{"start":{"line":11,"column":30},"end":{"line":13,"column":3}},"line":11}},"branchMap":{"0":{"loc":{"start":{"line":3,"column":14},"end":{"line":3,"column":61}},"type":"binary-expr","locations":[{"start":{"line":3,"column":14},"end":{"line":3,"column":55}},{"start":{"line":3,"column":59},"end":{"line":3,"column":61}}],"line":3},"1":{"loc":{"start":{"line":12,"column":4},"end":{"line":12,"column":52}},"type":"if","locations":[{"start":{"line":12,"column":4},"end":{"line":12,"column":52}},{"start":{},"end":{}}],"line":12}},"s":{"0":2,"1":2,"2":6,"3":2,"4":4,"5":2,"6":2,"7":2,"8":4,"9":2},"f":{"0":2,"1":6,"2":4,"3":4},"b":{"0":[2,0],"1":[2,2]},"_coverageSchema":"1a1c01bbd47fc00a2c39e90264f33305004495a9","hash":"c16cb58109d6a6e93efaf8b554e0c8f64d58a963"}
,"D:\\Damdafayton\\microverse\\module2\\to-do-list\\src\\modules\\updateCheckBox.js": {"path":"D:\\Damdafayton\\microverse\\module2\\to-do-list\\src\\modules\\updateCheckBox.js","statementMap":{"0":{"start":{"line":2,"column":2},"end":{"line":2,"column":53}},"1":{"start":{"line":7,"column":21},"end":{"line":7,"column":91}},"2":{"start":{"line":8,"column":14},"end":{"line":8,"column":15}},"3":{"start":{"line":9,"column":2},"end":{"line":13,"column":5}},"4":{"start":{"line":10,"column":4},"end":{"line":12,"column":5}},"5":{"start":{"line":11,"column":6},"end":{"line":11,"column":16}},"6":{"start":{"line":15,"column":16},"end":{"line":15,"column":63}},"7":{"start":{"line":16,"column":2},"end":{"line":22,"column":5}},"8":{"start":{"line":18,"column":4},"end":{"line":21,"column":5}},"9":{"start":{"line":19,"column":6},"end":{"line":19,"column":38}},"10":{"start":{"line":24,"column":2},"end":{"line":24,"column":55}},"11":{"start":{"line":28,"column":19},"end":{"line":28,"column":27}},"12":{"start":{"line":29,"column":2},"end":{"line":29,"column":28}},"13":{"start":{"line":30,"column":2},"end":{"line":34,"column":3}},"14":{"start":{"line":31,"column":4},"end":{"line":31,"column":39}},"15":{"start":{"line":33,"column":4},"end":{"line":33,"column":40}}},"fnMap":{"0":{"name":"liCheckedToggle","decl":{"start":{"line":1,"column":16},"end":{"line":1,"column":31}},"loc":{"start":{"line":1,"column":42},"end":{"line":3,"column":1}},"line":1},"1":{"name":"updateLocalStorage","decl":{"start":{"line":5,"column":9},"end":{"line":5,"column":27}},"loc":{"start":{"line":5,"column":54},"end":{"line":25,"column":1}},"line":5},"2":{"name":"(anonymous_2)","decl":{"start":{"line":9,"column":21},"end":{"line":9,"column":22}},"loc":{"start":{"line":9,"column":32},"end":{"line":13,"column":3}},"line":9},"3":{"name":"(anonymous_3)","decl":{"start":{"line":16,"column":16},"end":{"line":16,"column":17}},"loc":{"start":{"line":16,"column":26},"end":{"line":22,"column":3}},"line":16},"4":{"name":"checkBoxHandler","decl":{"start":{"line":27,"column":16},"end":{"line":27,"column":31}},"loc":{"start":{"line":27,"column":35},"end":{"line":35,"column":1}},"line":27}},"branchMap":{"0":{"loc":{"start":{"line":10,"column":4},"end":{"line":12,"column":5}},"type":"if","locations":[{"start":{"line":10,"column":4},"end":{"line":12,"column":5}},{"start":{},"end":{}}],"line":10},"1":{"loc":{"start":{"line":15,"column":16},"end":{"line":15,"column":63}},"type":"binary-expr","locations":[{"start":{"line":15,"column":16},"end":{"line":15,"column":57}},{"start":{"line":15,"column":61},"end":{"line":15,"column":63}}],"line":15},"2":{"loc":{"start":{"line":18,"column":4},"end":{"line":21,"column":5}},"type":"if","locations":[{"start":{"line":18,"column":4},"end":{"line":21,"column":5}},{"start":{},"end":{}}],"line":18},"3":{"loc":{"start":{"line":30,"column":2},"end":{"line":34,"column":3}},"type":"if","locations":[{"start":{"line":30,"column":2},"end":{"line":34,"column":3}},{"start":{"line":32,"column":9},"end":{"line":34,"column":3}}],"line":30}},"s":{"0":1,"1":1,"2":1,"3":1,"4":4,"5":1,"6":1,"7":1,"8":4,"9":1,"10":1,"11":1,"12":1,"13":1,"14":1,"15":0},"f":{"0":1,"1":1,"2":4,"3":4,"4":1},"b":{"0":[1,3],"1":[1,0],"2":[1,3],"3":[1,0]},"_coverageSchema":"1a1c01bbd47fc00a2c39e90264f33305004495a9","hash":"a0972d27f8abe4174858e272526ac38fea47a908"}
}
