TN:
SF:src\modules\addTask.js
FN:3,addTaskHandler
FNF:1
FNH:1
FNDA:2,addTaskHandler
DA:5,2
DA:6,2
DA:11,2
DA:12,2
DA:15,2
DA:16,2
LF:6
LH:6
BRDA:5,0,0,2
BRDA:5,0,1,0
BRF:2
BRH:1
end_of_record
TN:
SF:src\modules\editTask.js
FN:3,editTaskListenersForStyle
FN:5,(anonymous_1)
FN:7,(anonymous_2)
FN:22,(anonymous_3)
FN:37,textAreaChangeHandler
FN:44,(anonymous_5)
FN:52,(anonymous_6)
FN:63,textAreaEnterKeyHandler
FNF:8
FNH:7
FNDA:3,editTaskListenersForStyle
FNDA:12,(anonymous_1)
FNDA:1,(anonymous_2)
FNDA:2,(anonymous_3)
FNDA:3,textAreaChangeHandler
FNDA:12,(anonymous_5)
FNDA:12,(anonymous_6)
FNDA:0,textAreaEnterKeyHandler
DA:1,2
DA:4,3
DA:5,3
DA:6,12
DA:7,12
DA:9,1
DA:10,1
DA:11,1
DA:12,1
DA:15,1
DA:22,2
DA:26,2
DA:29,1
DA:31,1
DA:32,1
DA:33,1
DA:38,3
DA:42,3
DA:43,3
DA:44,3
DA:45,12
DA:46,3
DA:51,3
DA:52,3
DA:53,12
DA:54,3
DA:57,3
DA:60,3
DA:64,0
DA:65,0
DA:66,0
LF:31
LH:28
BRDA:6,0,0,12
BRDA:6,0,1,0
BRDA:26,1,0,1
BRDA:26,1,1,1
BRDA:26,2,0,2
BRDA:26,2,1,2
BRDA:26,2,2,2
BRDA:45,3,0,3
BRDA:45,3,1,9
BRDA:51,4,0,3
BRDA:51,4,1,0
BRDA:53,5,0,3
BRDA:53,5,1,9
BRDA:64,6,0,0
BRDA:64,6,1,0
BRF:15
BRH:11
end_of_record
TN:
SF:src\modules\populateList.js
FN:6,populateList
FNF:1
FNH:1
FNDA:2,populateList
DA:8,2
DA:9,2
DA:11,2
DA:12,2
DA:13,2
DA:15,2
DA:16,2
DA:17,2
DA:18,2
DA:19,2
DA:20,2
DA:22,2
DA:23,2
DA:24,2
DA:25,2
DA:27,2
DA:28,2
DA:29,2
DA:31,2
DA:32,2
DA:33,2
DA:34,2
DA:36,2
DA:38,2
DA:41,2
DA:42,2
LF:26
LH:26
BRDA:42,0,0,0
BRDA:42,0,1,2
BRF:2
BRH:1
end_of_record
TN:
SF:src\modules\removeTask.js
FN:1,removeHandler
FN:4,(anonymous_1)
FN:6,(anonymous_2)
FN:11,(anonymous_3)
FNF:4
FNH:4
FNDA:2,removeHandler
FNDA:6,(anonymous_1)
FNDA:4,(anonymous_2)
FNDA:4,(anonymous_3)
DA:3,2
DA:4,6
DA:6,4
DA:7,2
DA:10,2
DA:11,2
DA:12,4
LF:7
LH:7
BRDA:3,0,0,2
BRDA:3,0,1,0
BRDA:12,1,0,2
BRDA:12,1,1,2
BRF:4
BRH:3
end_of_record
TN:
SF:src\modules\updateCheckBox.js
FN:1,liCheckedToggle
FN:5,updateLocalStorage
FN:9,(anonymous_2)
FN:16,(anonymous_3)
FN:27,checkBoxHandler
FNF:5
FNH:5
FNDA:1,liCheckedToggle
FNDA:1,updateLocalStorage
FNDA:4,(anonymous_2)
FNDA:4,(anonymous_3)
FNDA:1,checkBoxHandler
DA:2,1
DA:7,1
DA:8,1
DA:9,1
DA:10,4
DA:11,1
DA:15,1
DA:16,1
DA:18,4
DA:19,1
DA:24,1
DA:28,1
DA:29,1
DA:30,1
DA:31,1
DA:32,1
DA:33,1
DA:35,0
DA:37,1
LF:19
LH:18
BRDA:10,0,0,1
BRDA:10,0,1,3
BRDA:15,1,0,1
BRDA:15,1,1,0
BRDA:18,2,0,1
BRDA:18,2,1,3
BRDA:32,3,0,1
BRDA:32,3,1,0
BRF:8
BRH:6
end_of_record
