TN:
SF:__test__\svgTransform.js
FNF:0
FNH:0
DA:1,1
LF:1
LH:1
BRF:0
BRH:0
end_of_record
TN:
SF:src\modules\addTask.js
FN:3,addTaskHandler
FNF:1
FNH:1
FNDA:2,addTaskHandler
DA:5,2
DA:6,2
DA:11,2
DA:12,2
DA:15,2
DA:16,2
LF:6
LH:6
BRDA:5,0,0,2
BRDA:5,0,1,0
BRF:2
BRH:1
end_of_record
TN:
SF:src\modules\checkBoxControl.js
FN:1,liCheckedToggle
FN:5,updateLocalStorage
FN:9,(anonymous_2)
FN:16,(anonymous_3)
FN:27,checkBoxHandler
FNF:5
FNH:0
FNDA:0,liCheckedToggle
FNDA:0,updateLocalStorage
FNDA:0,(anonymous_2)
FNDA:0,(anonymous_3)
FNDA:0,checkBoxHandler
DA:2,0
DA:7,0
DA:8,0
DA:9,0
DA:10,0
DA:11,0
DA:15,0
DA:16,0
DA:18,0
DA:19,0
DA:24,0
DA:28,0
DA:29,0
DA:30,0
DA:32,0
LF:15
LH:0
BRDA:10,0,0,0
BRDA:10,0,1,0
BRDA:15,1,0,0
BRDA:15,1,1,0
BRDA:18,2,0,0
BRDA:18,2,1,0
BRDA:29,3,0,0
BRDA:29,3,1,0
BRF:8
BRH:0
end_of_record
TN:
SF:src\modules\editTask.js
FN:3,addEditHandlers
FN:5,(anonymous_1)
FN:7,(anonymous_2)
FN:22,(anonymous_3)
FN:37,textAreaChangeHandler
FN:44,(anonymous_5)
FN:52,(anonymous_6)
FN:63,textAreaKeyStrokeHander
FNF:8
FNH:0
FNDA:0,addEditHandlers
FNDA:0,(anonymous_1)
FNDA:0,(anonymous_2)
FNDA:0,(anonymous_3)
FNDA:0,textAreaChangeHandler
FNDA:0,(anonymous_5)
FNDA:0,(anonymous_6)
FNDA:0,textAreaKeyStrokeHander
DA:1,1
DA:4,0
DA:5,0
DA:6,0
DA:7,0
DA:8,0
DA:9,0
DA:10,0
DA:11,0
DA:12,0
DA:15,0
DA:22,1
DA:26,0
DA:29,0
DA:31,0
DA:32,0
DA:33,0
DA:38,0
DA:42,0
DA:43,0
DA:44,0
DA:45,0
DA:46,0
DA:51,0
DA:52,0
DA:53,0
DA:54,0
DA:57,0
DA:60,0
DA:64,0
DA:65,0
DA:66,0
LF:32
LH:2
BRDA:6,0,0,0
BRDA:6,0,1,0
BRDA:26,1,0,0
BRDA:26,1,1,0
BRDA:26,2,0,0
BRDA:26,2,1,0
BRDA:26,2,2,0
BRDA:45,3,0,0
BRDA:45,3,1,0
BRDA:51,4,0,0
BRDA:51,4,1,0
BRDA:53,5,0,0
BRDA:53,5,1,0
BRDA:64,6,0,0
BRDA:64,6,1,0
BRF:15
BRH:0
end_of_record
TN:
SF:src\modules\populateList.js
FN:6,populateList
FN:41,(anonymous_1)
FNF:2
FNH:1
FNDA:2,populateList
FNDA:0,(anonymous_1)
DA:7,2
DA:8,2
DA:9,2
DA:11,2
DA:12,2
DA:13,2
DA:15,2
DA:16,2
DA:17,2
DA:18,2
DA:19,2
DA:20,2
DA:22,2
DA:23,2
DA:24,2
DA:25,2
DA:27,2
DA:28,2
DA:29,2
DA:31,2
DA:32,2
DA:33,2
DA:34,2
DA:36,2
DA:37,2
DA:38,2
DA:41,2
DA:42,2
LF:28
LH:28
BRDA:42,0,0,0
BRDA:42,0,1,2
BRF:2
BRH:1
end_of_record
TN:
SF:src\modules\removeTask.js
FN:1,removeHandler
FN:4,(anonymous_1)
FN:6,(anonymous_2)
FN:11,(anonymous_3)
FNF:4
FNH:4
FNDA:2,removeHandler
FNDA:6,(anonymous_1)
FNDA:4,(anonymous_2)
FNDA:4,(anonymous_3)
DA:3,2
DA:4,6
DA:6,4
DA:7,2
DA:10,2
DA:11,2
DA:12,4
LF:7
LH:7
BRDA:3,0,0,2
BRDA:3,0,1,0
BRDA:12,1,0,2
BRDA:12,1,1,2
BRF:4
BRH:3
end_of_record
